<?xml version="1.0" encoding="UTF-8"?>
<testng-results ignored="0" total="1" passed="1" failed="0" skipped="0">
  <reporter-output>
  </reporter-output>
  <suite started-at="2021-09-21T16:41:06 BRT" name="All Test Suite" finished-at="2021-09-21T16:41:20 BRT" duration-ms="14205">
    <groups>
      <group name="cucumber">
        <method signature="AbstractTestNGCucumberTests.runScenario(io.cucumber.testng.PickleWrapper,io.cucumber.testng.FeatureWrapper)[pri:0, instance:Runners.Run@757277dc]" name="runScenario" class="io.cucumber.testng.AbstractTestNGCucumberTests"/>
      </group> <!-- cucumber -->
    </groups>
    <test started-at="2021-09-21T16:41:06 BRT" name="C:/Users/alvaroc/IdeaProjects/automacao_superget" finished-at="2021-09-21T16:41:20 BRT" duration-ms="14205">
      <class name="Runners.Run">
        <test-method is-config="true" signature="setUpClass()[pri:0, instance:Runners.Run@757277dc]" started-at="2021-09-21T16:41:06 BRT" name="setUpClass" finished-at="2021-09-21T16:41:06 BRT" duration-ms="166" status="PASS">
          <reporter-output>
          </reporter-output>
        </test-method> <!-- setUpClass -->
        <test-method signature="runScenario(io.cucumber.testng.PickleWrapper,io.cucumber.testng.FeatureWrapper)[pri:0, instance:Runners.Run@757277dc]" started-at="2021-09-21T16:41:06 BRT" name="runScenario" description="Runs Cucumber Scenarios" data-provider="scenarios" finished-at="2021-09-21T16:41:20 BRT" duration-ms="14007" status="PASS">
          <params>
            <param index="0">
              <value>
                <![CDATA["Verificar modal"]]>
              </value>
            </param>
            <param index="1">
              <value>
                <![CDATA["Optional[Acessar o site getnet]"]]>
              </value>
            </param>
          </params>
          <reporter-output>
          </reporter-output>
        </test-method> <!-- runScenario -->
        <test-method is-config="true" signature="tearDownClass()[pri:0, instance:Runners.Run@757277dc]" started-at="2021-09-21T16:41:20 BRT" name="tearDownClass" finished-at="2021-09-21T16:41:20 BRT" duration-ms="9" status="PASS">
          <reporter-output>
          </reporter-output>
        </test-method> <!-- tearDownClass -->
      </class> <!-- Runners.Run -->
    </test> <!-- C:/Users/alvaroc/IdeaProjects/automacao_superget -->
  </suite> <!-- All Test Suite -->
</testng-results>
